  10 лаба.c
C:\Users\Любовь\source\repos\10 лаба\10 лаба\10 лаба.c(97,30): error C2143: синтаксическая ошибка: отсутствие ";" перед "{"
C:\Users\Любовь\source\repos\10 лаба\10 лаба\10 лаба.c(99,21): error C2065: a: необъявленный идентификатор
C:\Users\Любовь\source\repos\10 лаба\10 лаба\10 лаба.c(99,25): error C2065: a: необъявленный идентификатор
C:\Users\Любовь\source\repos\10 лаба\10 лаба\10 лаба.c(99,9): warning C4098: main: функция типа "void", возвращающая значение
C:\Users\Любовь\source\repos\10 лаба\10 лаба\10 лаба.c(102,44): error C2143: синтаксическая ошибка: отсутствие ";" перед "{"
C:\Users\Любовь\source\repos\10 лаба\10 лаба\10 лаба.c(103,16): error C2065: a: необъявленный идентификатор
C:\Users\Любовь\source\repos\10 лаба\10 лаба\10 лаба.c(103,20): error C2065: b: необъявленный идентификатор
C:\Users\Любовь\source\repos\10 лаба\10 лаба\10 лаба.c(103,9): warning C4098: main: функция типа "void", возвращающая значение
C:\Users\Любовь\source\repos\10 лаба\10 лаба\10 лаба.c(106,52): error C2143: синтаксическая ошибка: отсутствие ";" перед "{"
C:\Users\Любовь\source\repos\10 лаба\10 лаба\10 лаба.c(107,20): error C2065: a: необъявленный идентификатор
C:\Users\Любовь\source\repos\10 лаба\10 лаба\10 лаба.c(107,24): error C2065: b: необъявленный идентификатор
C:\Users\Любовь\source\repos\10 лаба\10 лаба\10 лаба.c(107,28): error C2065: c: необъявленный идентификатор
C:\Users\Любовь\source\repos\10 лаба\10 лаба\10 лаба.c(108,30): error C2065: a: необъявленный идентификатор
C:\Users\Любовь\source\repos\10 лаба\10 лаба\10 лаба.c(108,40): error C2065: b: необъявленный идентификатор
C:\Users\Любовь\source\repos\10 лаба\10 лаба\10 лаба.c(108,50): error C2065: c: необъявленный идентификатор
C:\Users\Любовь\source\repos\10 лаба\10 лаба\10 лаба.c(108,9): warning C4098: main: функция типа "void", возвращающая значение
C:\Users\Любовь\source\repos\10 лаба\10 лаба\10 лаба.c(111,39): error C2143: синтаксическая ошибка: отсутствие ";" перед "{"
C:\Users\Любовь\source\repos\10 лаба\10 лаба\10 лаба.c(112,29): error C2065: a: необъявленный идентификатор
C:\Users\Любовь\source\repos\10 лаба\10 лаба\10 лаба.c(113,33): error C2065: b: необъявленный идентификатор
C:\Users\Любовь\source\repos\10 лаба\10 лаба\10 лаба.c(120,32): error C2143: синтаксическая ошибка: отсутствие ")" перед ";"
C:\Users\Любовь\source\repos\10 лаба\10 лаба\10 лаба.c(120,33): error C2059: синтаксическая ошибка: )
C:\Users\Любовь\source\repos\10 лаба\10 лаба\10 лаба.c(128,25): error C2065: symbol: необъявленный идентификатор
C:\Users\Любовь\source\repos\10 лаба\10 лаба\10 лаба.c(128,17): warning C4477: "scanf_s": в строке форматирования "%c" требуется аргумент типа "char *", но вариативный аргумент "1" имеет тип "int *"
      C:\Users\Любовь\source\repos\10 лаба\10 лаба\10 лаба.c(128,17):
      этот аргумент используется описателем преобразования
  
C:\Users\Любовь\source\repos\10 лаба\10 лаба\10 лаба.c(128,17): warning C4473: "scanf_s": передано недостаточно аргументов для строки формата
      C:\Users\Любовь\source\repos\10 лаба\10 лаба\10 лаба.c(128,17):
      заполнители и их параметры ожидают переменное число аргументов в количестве 2, но было предоставлено 1
      C:\Users\Любовь\source\repos\10 лаба\10 лаба\10 лаба.c(128,17):
      отсутствующий вариативный аргумент "2" требуется для строки форматирования "%c"
      C:\Users\Любовь\source\repos\10 лаба\10 лаба\10 лаба.c(128,17):
      этот аргумент используется в качестве размера буфера
  
C:\Users\Любовь\source\repos\10 лаба\10 лаба\10 лаба.c(135,34): error C2065: symbol: необъявленный идентификатор
C:\Users\Любовь\source\repos\10 лаба\10 лаба\10 лаба.c(146,22): error C2143: синтаксическая ошибка: отсутствие ";" перед "{"
C:\Users\Любовь\source\repos\10 лаба\10 лаба\10 лаба.c(147,13): error C2065: a: необъявленный идентификатор
C:\Users\Любовь\source\repos\10 лаба\10 лаба\10 лаба.c(155,16): error C2143: синтаксическая ошибка: отсутствие ";" перед "{"
C:\Users\Любовь\source\repos\10 лаба\10 лаба\10 лаба.c(188,9): warning C4098: main: функция типа "void", возвращающая значение
C:\Users\Любовь\source\repos\10 лаба\10 лаба\10 лаба.c(98,26): warning C4305: инициализация: усечение из "double" в "const float"
C:\Users\Любовь\source\repos\10 лаба\10 лаба\10 лаба.c(107,31): warning C4244: инициализация: преобразование "double" в "float", возможна потеря данных
